<?xml version="1.0" encoding="UTF-8"?>
<!-- Generated by org.testng.reporters.JUnitXMLReporter -->
<testsuite hostname="DELL" ignored="2" name="My Groups" tests="2" failures="0" timestamp="27 Feb 2018 12:08:08 GMT" time="26.816" errors="0">
  <testcase name="gmail" time="0.419" classname="testng.LinkTest"/>
  <testcase name="image" time="0.848" classname="testng.LinkTest"/>
  <testcase name="business" time="0.0" classname="testng.LinkTest">
    <ignored/>
  </testcase> <!-- business -->
  <testcase name="advert" time="0.0" classname="testng.LinkTest">
    <ignored/>
  </testcase> <!-- advert -->
</testsuite> <!-- My Groups -->
