<?xml version="1.0" encoding="UTF-8"?>
<testng-results skipped="0" failed="0" ignored="0" total="3" passed="3">
  <reporter-output>
  </reporter-output>
  <suite name="Default suite" duration-ms="18558" started-at="2018-03-04T09:55:09Z" finished-at="2018-03-04T09:55:27Z">
    <groups>
    </groups>
    <test name="Default test" duration-ms="18558" started-at="2018-03-04T09:55:09Z" finished-at="2018-03-04T09:55:27Z">
      <class name="framework.DDT">
        <test-method status="PASS" signature="beforeClass()[pri:0, instance:framework.DDT@1057a39]" name="beforeClass" is-config="true" duration-ms="12172" started-at="2018-03-04T15:25:09Z" finished-at="2018-03-04T15:25:21Z">
          <reporter-output>
          </reporter-output>
        </test-method> <!-- beforeClass -->
        <test-method status="PASS" signature="beforeMethod()[pri:0, instance:framework.DDT@1057a39]" name="beforeMethod" is-config="true" duration-ms="0" started-at="2018-03-04T15:25:22Z" finished-at="2018-03-04T15:25:22Z">
          <reporter-output>
          </reporter-output>
        </test-method> <!-- beforeMethod -->
        <test-method status="PASS" signature="login(java.lang.String, java.lang.String)[pri:0, instance:framework.DDT@1057a39]" name="login" duration-ms="2119" started-at="2018-03-04T15:25:22Z" data-provider="readExcel" finished-at="2018-03-04T15:25:24Z">
          <params>
            <param index="0">
              <value>
                <![CDATA[admin01]]>
              </value>
            </param>
            <param index="1">
              <value>
                <![CDATA[admin01]]>
              </value>
            </param>
          </params>
          <reporter-output>
          </reporter-output>
        </test-method> <!-- login -->
        <test-method status="PASS" signature="afterMethod()[pri:0, instance:framework.DDT@1057a39]" name="afterMethod" is-config="true" duration-ms="74" started-at="2018-03-04T15:25:24Z" finished-at="2018-03-04T15:25:24Z">
          <reporter-output>
          </reporter-output>
        </test-method> <!-- afterMethod -->
        <test-method status="PASS" signature="beforeMethod()[pri:0, instance:framework.DDT@1057a39]" name="beforeMethod" is-config="true" duration-ms="0" started-at="2018-03-04T15:25:24Z" finished-at="2018-03-04T15:25:24Z">
          <reporter-output>
          </reporter-output>
        </test-method> <!-- beforeMethod -->
        <test-method status="PASS" signature="login(java.lang.String, java.lang.String)[pri:0, instance:framework.DDT@1057a39]" name="login" duration-ms="2102" started-at="2018-03-04T15:25:24Z" data-provider="readExcel" finished-at="2018-03-04T15:25:26Z">
          <params>
            <param index="0">
              <value>
                <![CDATA[admin02]]>
              </value>
            </param>
            <param index="1">
              <value>
                <![CDATA[admin02]]>
              </value>
            </param>
          </params>
          <reporter-output>
          </reporter-output>
        </test-method> <!-- login -->
        <test-method status="PASS" signature="afterMethod()[pri:0, instance:framework.DDT@1057a39]" name="afterMethod" is-config="true" duration-ms="151" started-at="2018-03-04T15:25:26Z" finished-at="2018-03-04T15:25:26Z">
          <reporter-output>
          </reporter-output>
        </test-method> <!-- afterMethod -->
        <test-method status="PASS" signature="login(java.lang.String, java.lang.String)[pri:0, instance:framework.DDT@1057a39]" name="login" duration-ms="1312" started-at="2018-03-04T15:25:26Z" data-provider="readExcel" finished-at="2018-03-04T15:25:27Z">
          <params>
            <param index="0">
              <value>
                <![CDATA[admin03]]>
              </value>
            </param>
            <param index="1">
              <value>
                <![CDATA[admin03]]>
              </value>
            </param>
          </params>
          <reporter-output>
          </reporter-output>
        </test-method> <!-- login -->
        <test-method status="PASS" signature="beforeMethod()[pri:0, instance:framework.DDT@1057a39]" name="beforeMethod" is-config="true" duration-ms="0" started-at="2018-03-04T15:25:26Z" finished-at="2018-03-04T15:25:26Z">
          <reporter-output>
          </reporter-output>
        </test-method> <!-- beforeMethod -->
        <test-method status="PASS" signature="afterMethod()[pri:0, instance:framework.DDT@1057a39]" name="afterMethod" is-config="true" duration-ms="81" started-at="2018-03-04T15:25:27Z" finished-at="2018-03-04T15:25:27Z">
          <reporter-output>
          </reporter-output>
        </test-method> <!-- afterMethod -->
        <test-method status="PASS" signature="afterClass()[pri:0, instance:framework.DDT@1057a39]" name="afterClass" is-config="true" duration-ms="10" started-at="2018-03-04T15:25:27Z" finished-at="2018-03-04T15:25:27Z">
          <reporter-output>
          </reporter-output>
        </test-method> <!-- afterClass -->
      </class> <!-- framework.DDT -->
    </test> <!-- Default test -->
  </suite> <!-- Default suite -->
</testng-results>
